2024-11-09 12:35:03,809 - WARNING - Found space at 20.46 in shelf 0 for module c3
2024-11-09 12:35:03,810 - WARNING - Module c1 overlaps with previous module(s) in the shelf!
2024-11-09 12:35:03,810 - WARNING - Placed module c3 at (20.46, 47.52) on shelf 1
 [Module(name=c3, width=20.46, height=7.92, x=20.46, y=47.52, terminal=False), Module(name=c1, width=20.46, height=7.92, x=20.46, y=0, terminal=False), Module(name=c4, width=4.62, height=7.92, x=40.92, y=0, terminal=False), Module(name=c86, width=1.0, height=1.0, x=54.779999999999994, y=0, terminal=True)]
2024-11-09 12:35:05,651 - WARNING - Found space at 45.54 in shelf 0 for module c16
2024-11-09 12:35:05,652 - WARNING - Module c1 overlaps with previous module(s) in the shelf!
2024-11-09 12:35:05,652 - WARNING - Placed module c16 at (45.54, 47.52) on shelf 1
 [Module(name=c3, width=20.46, height=7.92, x=20.46, y=47.52, terminal=False), Module(name=c1, width=20.46, height=7.92, x=20.46, y=0, terminal=False), Module(name=c4, width=4.62, height=7.92, x=40.92, y=0, terminal=False), Module(name=c16, width=3.3, height=7.92, x=45.54, y=47.52, terminal=False), Module(name=c86, width=1.0, height=1.0, x=54.779999999999994, y=0, terminal=True)]
2024-11-09 12:35:07,348 - WARNING - Found space at 48.839999999999996 in shelf 0 for module c10
2024-11-09 12:35:07,348 - WARNING - Module c1 overlaps with previous module(s) in the shelf!
2024-11-09 12:35:07,349 - WARNING - Placed module c10 at (48.839999999999996, 47.52) on shelf 1
 [Module(name=c3, width=20.46, height=7.92, x=20.46, y=47.52, terminal=False), Module(name=c1, width=20.46, height=7.92, x=20.46, y=0, terminal=False), Module(name=c4, width=4.62, height=7.92, x=40.92, y=0, terminal=False), Module(name=c16, width=3.3, height=7.92, x=45.54, y=47.52, terminal=False), Module(name=c10, width=5.28, height=7.92, x=48.839999999999996, y=47.52, terminal=False), Module(name=c86, width=1.0, height=1.0, x=54.779999999999994, y=0, terminal=True)]
2024-11-09 12:35:08,305 - WARNING - Warning: Could not place module c8 due to size constraints.
2024-11-09 12:35:09,210 - WARNING - Found space at 2.64 in shelf 1 for module c8
2024-11-09 12:35:09,210 - WARNING - Placed module c8 at (2.64, 47.52) on shelf 2
 [Module(name=c8, width=2.64, height=7.92, x=2.64, y=47.52, terminal=False), Module(name=c8, width=2.64, height=7.92, x=50.160000000000004, y=0, terminal=False), Module(name=c12, width=3.3, height=7.92, x=52.800000000000004, y=0, terminal=False)]
2024-11-09 12:35:09,961 - WARNING - Warning: Could not place module c61 due to size constraints.
2024-11-09 12:35:20,536 - WARNING - Found space at 2.64 in shelf 1 for module c61
2024-11-09 12:35:20,536 - WARNING - Module c8 overlaps with previous module(s) in the shelf!
2024-11-09 12:35:20,536 - WARNING - Placed module c61 at (2.64, 47.52) on shelf 2
 [Module(name=c61, width=4.62, height=7.92, x=2.64, y=47.52, terminal=False), Module(name=c8, width=2.64, height=7.92, x=2.64, y=47.52, terminal=False), Module(name=c8, width=2.64, height=7.92, x=50.160000000000004, y=0, terminal=False), Module(name=c12, width=3.3, height=7.92, x=52.800000000000004, y=0, terminal=False)]
2024-11-09 12:35:21,836 - WARNING - Warning: Could not place module c30 due to size constraints.
